{
    "id": 3085576,
    "companyId": 76671,
    "recipientId": 100668,
    "description": null,
    "amount": 198,
    "fee": 0,
    "status": "pending",
    "type": "pix",
    "failReason": null,
    "postbackUrl": null,
    "pixKey": "13271519609",
    "checkPayer": null,
    "pixEnd2EndId": null,
    "metadata": null,
    "receiptUrl": null,
    "createdAt": "2025-03-14T21:36:36.000Z",
    "updatedAt": "2025-03-14T21:36:36.000Z",
    "transferredAt": null,
    "externalRef": "2",
    "processedAt": null,
    "secureId": "cf5aeb27-141f-443e-8712-5632aeba816a",
    "attempts": 0,
    "nextAttemptAt": null,
    "crypto": null,
    "bankAccount": null
}